C51 COMPILER V9.54   MAIN                                                                  09/08/2023 02:25:40 PAGE 1   


C51 COMPILER V9.54, COMPILATION OF MODULE MAIN
OBJECT MODULE PLACED IN .\Objects\main.obj
COMPILER INVOKED BY: D:\Keil\C51\BIN\C51.EXE main.c OPTIMIZE(8,SPEED) BROWSE DEBUG OBJECTEXTEND PRINT(.\Listings\main.ls
                    -t) OBJECT(.\Objects\main.obj)

line level    source

   1          #include <REGX52.H>
   2          #include "delay.h"
   3          #include "LCD1602.h"
   4          #include "MatrixKey.h"
   5          
   6          
   7          unsigned char KeyNum;
   8          unsigned int pd[10];
   9          unsigned int pd_in[10];
  10          unsigned char i;
  11          unsigned char j;
  12          unsigned char length;
  13          //1-9 对应数字,10对应0,
  14          //11对应确认,12对应取消
  15          //13-16闲置
  16          void main()
  17          {
  18   1              LCD_Init();
  19   1              LCD_ShowString(1,1,"Password:");
  20   1              LCD_ShowString(2,1,"________________");
  21   1              pd[0] = 1;
  22   1              pd[1] = 1;
  23   1              pd[2] = 2;
  24   1              pd[3] = 7;
  25   1              length = 4;
  26   1              i=0;
  27   1              while(1)
  28   1              {
  29   2                      KeyNum = MatrixKey();
  30   2                      LCD_ShowNum(1,16,i,1);
  31   2                      if(KeyNum)
  32   2                      {
  33   3                              if(KeyNum<=10)
  34   3                              {
  35   4                                      pd_in[i] = KeyNum;
  36   4                                      //LCD_ShowNum(2,1,KeyNum,2);
  37   4                                      LCD_ShowNum(2,i,pd_in[i++],1);
  38   4                              }
  39   3                              else if (KeyNum == 11)
  40   3                              {
  41   4                                      j = 0;
  42   4                                      while(j++<i)
  43   4                                      {
  44   5                                              if(pd_in[j]!=pd[j])break;
  45   5                                      }
  46   4                                      if(i<length||j<i)
  47   4                                      {
  48   5                                              LCD_ShowString(1,10,"Err!");
  49   5                                      }
  50   4                                      else
  51   4                                      {
  52   5                                              LCD_ShowString(1,10,"True");
  53   5                                      }
  54   4                              }
C51 COMPILER V9.54   MAIN                                                                  09/08/2023 02:25:40 PAGE 2   

  55   3                              else if(KeyNum == 12)
  56   3                              {
  57   4                                      LCD_ShowString(2,i--,"_");
  58   4                              }
  59   3                      }
  60   2                      
  61   2              }
  62   1      }


MODULE INFORMATION:   STATIC OVERLAYABLE
   CODE SIZE        =    241    ----
   CONSTANT SIZE    =     39    ----
   XDATA SIZE       =   ----    ----
   PDATA SIZE       =   ----    ----
   DATA SIZE        =     44    ----
   IDATA SIZE       =   ----    ----
   BIT SIZE         =   ----    ----
END OF MODULE INFORMATION.


C51 COMPILATION COMPLETE.  0 WARNING(S),  0 ERROR(S)
