C51 COMPILER V9.54   MAIN                                                                  09/11/2023 12:57:19 PAGE 1   


C51 COMPILER V9.54, COMPILATION OF MODULE MAIN
OBJECT MODULE PLACED IN .\Objects\main.obj
COMPILER INVOKED BY: D:\Keil\C51\BIN\C51.EXE main.c OPTIMIZE(8,SPEED) BROWSE DEBUG OBJECTEXTEND PRINT(.\Listings\main.ls
                    -t) OBJECT(.\Objects\main.obj)

line level    source

   1          #include <REGX52.H>
   2          #include "Timer0.h"
   3          #include "Key.h"
   4          #include <INTRINS.H>
   5          unsigned char KeyNum,LEDMode;
   6          
   7          void main()
   8          {
   9   1              P2 = 0xFE;//1111 1110点亮最低位
  10   1              Timer0_Init();
  11   1              while(1)
  12   1              {
  13   2                      KeyNum = Key();
  14   2                      if(KeyNum)
  15   2                      {
  16   3                              if(KeyNum==1)
  17   3                              {
  18   4                                      LEDMode++;
  19   4                                      if(LEDMode>=2)LEDMode = 0;
  20   4                              }
  21   3      
  22   3                      }
  23   2              }
  24   1      }
  25          
  26          void Timer0_Routine() interrupt 1
  27          {
  28   1              static unsigned int T0Count;//中断函数结束后,这个变量依然会存活
  29   1              //与全局变量的区别是,static后的只能该函数自己用
  30   1              TL0 = 0x18;                             //设置定时初始值
  31   1              TH0 = 0xFC;                             //设置定时初始值
  32   1              T0Count++;
  33   1              if(T0Count>=500)
  34   1              {
  35   2                      T0Count=0;
  36   2                      if(LEDMode==0){P2 = _cror_(P2,1);}
  37   2                      if(LEDMode==1){P2 = _crol_(P2,1);}
  38   2              }
  39   1              
  40   1      }


MODULE INFORMATION:   STATIC OVERLAYABLE
   CODE SIZE        =    116    ----
   CONSTANT SIZE    =   ----    ----
   XDATA SIZE       =   ----    ----
   PDATA SIZE       =   ----    ----
   DATA SIZE        =      4    ----
   IDATA SIZE       =   ----    ----
   BIT SIZE         =   ----    ----
END OF MODULE INFORMATION.


C51 COMPILATION COMPLETE.  0 WARNING(S),  0 ERROR(S)
