C51 COMPILER V9.54   MAIN                                                                  09/11/2023 14:34:10 PAGE 1   


C51 COMPILER V9.54, COMPILATION OF MODULE MAIN
OBJECT MODULE PLACED IN .\Objects\main.obj
COMPILER INVOKED BY: D:\Keil\C51\BIN\C51.EXE main.c OPTIMIZE(8,SPEED) BROWSE DEBUG OBJECTEXTEND PRINT(.\Listings\main.ls
                    -t) OBJECT(.\Objects\main.obj)

line level    source

   1          #include <REGX52.H>
   2          #include "Delay.h"
   3          #include "LCD1602.h"
   4          #include "Timer0.h"
   5          
   6          
   7          unsigned char Sec=55,Min=59,Hour=23;
   8          void main()
   9          {
  10   1              LCD_Init();
  11   1              Timer0_Init();
  12   1              LCD_ShowString(1,1,"Clock:");
  13   1              LCD_ShowString(2,3,":");
  14   1              LCD_ShowString(2,6,":");
  15   1              while(1)
  16   1              {
  17   2                      LCD_ShowNum(2,1,Hour,2);
  18   2                      LCD_ShowNum(2,4,Min,2);
  19   2                      LCD_ShowNum(2,7,Sec,2);
  20   2              }
  21   1      }
  22          
  23          void Timer0_Routine() interrupt 1
  24          {
  25   1              static unsigned int T0Count;//中断函数结束后,这个变量依然会存活
  26   1              //与全局变量的区别是,static后的只能该函数自己用
  27   1              TL0 = 0x18;                             //设置定时初始值
  28   1              TH0 = 0xFC;                             //设置定时初始值
  29   1              T0Count++;
  30   1              if(T0Count>=1000)
  31   1              {
  32   2                      T0Count=0;
  33   2                      Sec++;
  34   2                      if(Sec>=60)
  35   2                      {
  36   3                              Min++;
  37   3                              Sec=0;
  38   3                      }
  39   2                      if(Min>=60)
  40   2                      {
  41   3                              Hour++;
  42   3                              Min=0;
  43   3                      }
  44   2                      if(Hour>=24)
  45   2                      {
  46   3                              Hour=0;
  47   3                      }
  48   2              }
  49   1              
  50   1      }


MODULE INFORMATION:   STATIC OVERLAYABLE
   CODE SIZE        =    165    ----
C51 COMPILER V9.54   MAIN                                                                  09/11/2023 14:34:10 PAGE 2   

   CONSTANT SIZE    =      9    ----
   XDATA SIZE       =   ----    ----
   PDATA SIZE       =   ----    ----
   DATA SIZE        =      5    ----
   IDATA SIZE       =   ----    ----
   BIT SIZE         =   ----    ----
END OF MODULE INFORMATION.


C51 COMPILATION COMPLETE.  0 WARNING(S),  0 ERROR(S)
