C51 COMPILER V9.54   MAIN                                                                  08/09/2023 03:47:05 PAGE 1   


C51 COMPILER V9.54, COMPILATION OF MODULE MAIN
OBJECT MODULE PLACED IN .\Objects\main.obj
COMPILER INVOKED BY: D:\Keil5\C51\BIN\C51.EXE main.c OPTIMIZE(8,SPEED) BROWSE DEBUG OBJECTEXTEND PRINT(.\Listings\main.l
                    -st) TABS(2) OBJECT(.\Objects\main.obj)

line level    source

   1          #include <REGX52.H>
   2          void Delay(unsigned int xms)    //@12.000MHz
   3          {
   4   1        unsigned char data i, j;
   5   1        while(xms--)
   6   1        {
   7   2          i = 2;
   8   2          j = 239;
   9   2          do
  10   2          {
  11   3            while (--j);
  12   3          } while (--i);
  13   2        }
  14   1      }
  15          void main()
  16          {
  17   1        unsigned char LEDNum = 1;
  18   1        P2 = ~LEDNum;
  19   1        while(1)
  20   1        {
  21   2          if(P3_1==0)
  22   2          {
  23   3            Delay(20);
  24   3            while(P3_1==0);
  25   3            Delay(20);
  26   3            LEDNum=LEDNum<<1;
  27   3            if(LEDNum==0)
  28   3            {
  29   4              LEDNum = 1;
  30   4            }
  31   3            P2 = ~LEDNum;
  32   3          }
  33   2          if(P3_0==0)
  34   2          {
  35   3            Delay(20);
  36   3            while(P3_0==0);
  37   3            Delay(20);
  38   3            LEDNum=LEDNum>>1;
  39   3            if(LEDNum==0)
  40   3            {
  41   4              LEDNum = 128;
  42   4            }
  43   3            P2 = ~LEDNum;
  44   3          }
  45   2        }
  46   1      
  47   1      }


MODULE INFORMATION:   STATIC OVERLAYABLE
   CODE SIZE        =     81    ----
   CONSTANT SIZE    =   ----    ----
   XDATA SIZE       =   ----    ----
   PDATA SIZE       =   ----    ----
C51 COMPILER V9.54   MAIN                                                                  08/09/2023 03:47:05 PAGE 2   

   DATA SIZE        =   ----    ----
   IDATA SIZE       =   ----    ----
   BIT SIZE         =   ----    ----
END OF MODULE INFORMATION.


C51 COMPILATION COMPLETE.  0 WARNING(S),  0 ERROR(S)
