C51 COMPILER V9.54   MAIN                                                                  09/12/2023 15:39:47 PAGE 1   


C51 COMPILER V9.54, COMPILATION OF MODULE MAIN
OBJECT MODULE PLACED IN .\Objects\main.obj
COMPILER INVOKED BY: D:\Keil\C51\BIN\C51.EXE main.c OPTIMIZE(8,SPEED) BROWSE DEBUG OBJECTEXTEND PRINT(.\Listings\main.ls
                    -t) OBJECT(.\Objects\main.obj)

line level    source

   1          #include <REGX52.H>
   2          #include "Delay.h"
   3          #include "MatrixLED.h"
   4          
   5          unsigned char code arr[] = {
   6          0x00,0x00,0x00,0x00,0x00,0x00,0x00,0x00,0x00,0x00,
   7          0xff,0x10,0x10,0x10,0xff,0x00,0x00,0xff,0x91,0x91,
   8          0x91,0x91,0x00,0x00,0xff,0x01,0x01,0x01,0x01,0x00,
   9          0x00,0xff,0x01,0x01,0x01,0x01,0x00,0x00,0xff,0x81,
  10          0x81,0x81,0xff,
  11          0x00,0x00,0x00,0x00,0x00,0x00,0x00,0x00,0x00,0x00};
  12          void main()
  13          {
  14   1              unsigned char i,Offset=0,Count=0;
  15   1              MatrixLED_Init();
  16   1              while(1)
  17   1              {
  18   2                      for(i = 0;i<8;i++)
  19   2                      {
  20   3                              MatrixLED_ShowColumn(i,arr[i+Offset]);
  21   3                      }
  22   2                      Count++;
  23   2                      if(Count>10)
  24   2                      {
  25   3                              Offset+=1;
  26   3                              Count=0;
  27   3                      }
  28   2                      if(Offset>45)
  29   2                      {
  30   3                              Offset = 0;
  31   3                      }
  32   2                      
  33   2              }
  34   1      }


MODULE INFORMATION:   STATIC OVERLAYABLE
   CODE SIZE        =     62    ----
   CONSTANT SIZE    =     53    ----
   XDATA SIZE       =   ----    ----
   PDATA SIZE       =   ----    ----
   DATA SIZE        =   ----       3
   IDATA SIZE       =   ----    ----
   BIT SIZE         =   ----    ----
END OF MODULE INFORMATION.


C51 COMPILATION COMPLETE.  0 WARNING(S),  0 ERROR(S)
