C51 COMPILER V9.54   DS1302                                                                09/22/2023 15:09:45 PAGE 1   


C51 COMPILER V9.54, COMPILATION OF MODULE DS1302
OBJECT MODULE PLACED IN .\Objects\DS1302.obj
COMPILER INVOKED BY: D:\Keil\C51\BIN\C51.EXE DS1302.c OPTIMIZE(8,SPEED) BROWSE DEBUG OBJECTEXTEND PRINT(.\Listings\DS130
                    -2.lst) OBJECT(.\Objects\DS1302.obj)

line level    source

   1          #include <REGX52.H>
   2          
   3          sbit DS1302_SCLK = P3^6;
   4          sbit DS1302_IO = P3^4;
   5          sbit DS1302_CE = P3^5;
   6          
   7          #define DS1302_SECOND 0x80 //秒写入地址
   8          #define DS1302_MINUTE 0x82
   9          #define DS1302_HOUR 0x84
  10          #define DS1302_DATE 0x86
  11          #define DS1302_MONTH 0x88
  12          #define DS1302_YEAR 0x8C
  13          #define DS1302_DAY 0x8A
  14          #define DS1302_WP 0x8E //写保护地址
  15          //为什么不定义读地址,因为待会读函数里面对位进行操作,在地址上稍微±1就能得
             -到读地址,避免大量定义
  16          
  17          unsigned char DS1302_Time[]={23,9,22,23,59,55,5};
  18          void DS1302_Init()
  19          {
  20   1              DS1302_CE = 0;
  21   1              DS1302_SCLK = 0;
  22   1      }
  23          
  24          void DS1302_WriteByte(unsigned char Command,Data)
  25          {
  26   1              unsigned char i;
  27   1              DS1302_CE = 1;
  28   1      //      DS1302_IO = Command & 0x01;
  29   1      //      DS1302_SCLK = 1;
  30   1      //      DS1302_SCLK = 0;
  31   1              
  32   1      
  33   1              for(i=0;i<8;i++)
  34   1              {
  35   2                      DS1302_IO = Command & (0x01<<i);
  36   2                      DS1302_SCLK = 1;
  37   2                      DS1302_SCLK = 0;
  38   2              }
  39   1              for(i=0;i<8;i++)
  40   1              {
  41   2                      DS1302_IO = Data & (0x01<<i);
  42   2                      DS1302_SCLK = 1;
  43   2                      DS1302_SCLK = 0;
  44   2              }
  45   1              DS1302_CE = 0;
  46   1      }
  47          
  48          
  49          unsigned char DS1302_ReadByte(unsigned char Command)
  50          {
  51   1              unsigned char i,Data=0x00;
  52   1              Command|=0x01;  //让最低位为1,这样就实现了写地址往读地址的转换
  53   1              DS1302_CE = 1;
C51 COMPILER V9.54   DS1302                                                                09/22/2023 15:09:45 PAGE 2   

  54   1              for(i=0;i<8;i++)
  55   1              {
  56   2                      DS1302_IO = Command & (0x01<<i);
  57   2                      DS1302_SCLK = 0;
  58   2                      DS1302_SCLK = 1;
  59   2              }
  60   1              for(i=0;i<8;i++)
  61   1              {
  62   2                      DS1302_SCLK = 1;
  63   2                      DS1302_SCLK = 0;
  64   2                      if(DS1302_IO)
  65   2                      {
  66   3                              Data |= (0x01<<i);
  67   3                      }
  68   2      
  69   2              }
  70   1              DS1302_CE = 0;
  71   1              DS1302_IO = 0;
  72   1              return Data;
  73   1      }
  74          
  75          void DS1302_SetTime(void)
  76          {
  77   1              DS1302_WriteByte(DS1302_WP,0x00);//解除写保护
  78   1              DS1302_WriteByte(DS1302_YEAR,DS1302_Time[0]/10*16+DS1302_Time[0]%10);   //10进制转BCD传入寄存器
  79   1              DS1302_WriteByte(DS1302_MONTH,DS1302_Time[1]/10*16+DS1302_Time[1]%10);
  80   1              DS1302_WriteByte(DS1302_DATE,DS1302_Time[2]/10*16+DS1302_Time[2]%10);
  81   1              DS1302_WriteByte(DS1302_HOUR,DS1302_Time[3]/10*16+DS1302_Time[3]%10);
  82   1              DS1302_WriteByte(DS1302_MINUTE,DS1302_Time[4]/10*16+DS1302_Time[4]%10);
  83   1              DS1302_WriteByte(DS1302_SECOND,DS1302_Time[5]/10*16+DS1302_Time[5]%10);
  84   1              DS1302_WriteByte(DS1302_DAY,DS1302_Time[6]%10);
  85   1      
  86   1              DS1302_WriteByte(DS1302_WP,0x80);//打开写保护
  87   1      }
  88          
  89          void DS1302_ReadTime(void)
  90          {
  91   1              unsigned Temp;
  92   1              Temp = DS1302_ReadByte(DS1302_YEAR);
  93   1              DS1302_Time[0] = Temp/16*10+Temp%16;
  94   1              Temp = DS1302_ReadByte(DS1302_MONTH);
  95   1              DS1302_Time[1] = Temp/16*10+Temp%16;
  96   1              Temp = DS1302_ReadByte(DS1302_DATE);
  97   1              DS1302_Time[2] = Temp/16*10+Temp%16;
  98   1              Temp = DS1302_ReadByte(DS1302_HOUR);
  99   1              DS1302_Time[3] = Temp/16*10+Temp%16;
 100   1              Temp = DS1302_ReadByte(DS1302_MINUTE);
 101   1              DS1302_Time[4] = Temp/16*10+Temp%16;
 102   1              Temp = DS1302_ReadByte(DS1302_SECOND);
 103   1              DS1302_Time[5] = Temp/16*10+Temp%16;
 104   1              Temp = DS1302_ReadByte(DS1302_DAY);
 105   1              DS1302_Time[6] = Temp%16;
 106   1      }


MODULE INFORMATION:   STATIC OVERLAYABLE
   CODE SIZE        =    578    ----
   CONSTANT SIZE    =   ----    ----
   XDATA SIZE       =   ----    ----
   PDATA SIZE       =   ----    ----
   DATA SIZE        =      7       2
   IDATA SIZE       =   ----    ----
C51 COMPILER V9.54   DS1302                                                                09/22/2023 15:09:45 PAGE 3   

   BIT SIZE         =   ----    ----
END OF MODULE INFORMATION.


C51 COMPILATION COMPLETE.  0 WARNING(S),  0 ERROR(S)
