C51 COMPILER V9.54   MAIN                                                                  09/22/2023 15:02:34 PAGE 1   


C51 COMPILER V9.54, COMPILATION OF MODULE MAIN
OBJECT MODULE PLACED IN .\Objects\main.obj
COMPILER INVOKED BY: D:\Keil\C51\BIN\C51.EXE main.c OPTIMIZE(8,SPEED) BROWSE DEBUG OBJECTEXTEND PRINT(.\Listings\main.ls
                    -t) OBJECT(.\Objects\main.obj)

line level    source

   1          #include <REGX52.H>
   2          #include "LCD1602.h"
   3          #include "DS1302.h"
   4          #include "Delay.h"
   5          
   6          unsigned char Second;
   7          unsigned char Minute;
   8          unsigned char Hour;
   9          
  10          
  11          
  12          void main()
  13          {
  14   1              LCD_Init();
  15   1              DS1302_Init();
  16   1              DS1302_SetTime();
  17   1              LCD_ShowString(2,3,":");
  18   1              LCD_ShowString(2,6,":");
  19   1      
  20   1              while(1)
  21   1              {
  22   2                      DS1302_ReadTime();
  23   2                      LCD_ShowNum(1,1,DS1302_Time[0],2);
  24   2                      LCD_ShowNum(1,4,DS1302_Time[1],2);
  25   2                      LCD_ShowNum(1,7,DS1302_Time[2],2);
  26   2                      LCD_ShowNum(2,1,DS1302_Time[3],2);
  27   2                      LCD_ShowNum(2,4,DS1302_Time[4],2);
  28   2                      LCD_ShowNum(2,7,DS1302_Time[5],2);
  29   2                      LCD_ShowString(2,10,"Day");
  30   2                      LCD_ShowNum(2,13,DS1302_Time[6],1);
  31   2                      
  32   2                      Delay(500);
  33   2              }
  34   1      }
  35          
  36          
  37          //BCD码为什么9后面变16
  38          //9->16  0000 1001  -> 0001 0000
  39          //         0    9   ->   1    0


MODULE INFORMATION:   STATIC OVERLAYABLE
   CODE SIZE        =    166    ----
   CONSTANT SIZE    =      6    ----
   XDATA SIZE       =   ----    ----
   PDATA SIZE       =   ----    ----
   DATA SIZE        =      3    ----
   IDATA SIZE       =   ----    ----
   BIT SIZE         =   ----    ----
END OF MODULE INFORMATION.


C51 COMPILATION COMPLETE.  0 WARNING(S),  0 ERROR(S)
