C51 COMPILER V9.54   MAIN                                                                  08/09/2023 03:35:29 PAGE 1   


C51 COMPILER V9.54, COMPILATION OF MODULE MAIN
OBJECT MODULE PLACED IN .\Objects\main.obj
COMPILER INVOKED BY: D:\Keil5\C51\BIN\C51.EXE main.c OPTIMIZE(8,SPEED) BROWSE DEBUG OBJECTEXTEND PRINT(.\Listings\main.l
                    -st) TABS(2) OBJECT(.\Objects\main.obj)

line level    source

   1          #include <REGX52.H>
   2          void Delay(unsigned int xms)    //@12.000MHz
   3          {
   4   1        unsigned char data i, j;
   5   1        while(xms--)
   6   1        {
   7   2          i = 2;
   8   2          j = 239;
   9   2          do
  10   2          {
  11   3            while (--j);
  12   3          } while (--i);
  13   2        }
  14   1      }
  15          void main()
  16          {
  17   1        unsigned char LEDNum = 0;
  18   1        while(1)
  19   1        {
  20   2          if(P3_1==0)
  21   2          {
  22   3            Delay(20);
  23   3            while(P3_1==0);
  24   3            Delay(20);
  25   3            LEDNum++;
  26   3            P2 = ~LEDNum;
  27   3          }
  28   2        }
  29   1      
  30   1      }


MODULE INFORMATION:   STATIC OVERLAYABLE
   CODE SIZE        =     50    ----
   CONSTANT SIZE    =   ----    ----
   XDATA SIZE       =   ----    ----
   PDATA SIZE       =   ----    ----
   DATA SIZE        =   ----    ----
   IDATA SIZE       =   ----    ----
   BIT SIZE         =   ----    ----
END OF MODULE INFORMATION.


C51 COMPILATION COMPLETE.  0 WARNING(S),  0 ERROR(S)
