C51 COMPILER V9.54   UART                                                                  09/11/2023 17:15:12 PAGE 1   


C51 COMPILER V9.54, COMPILATION OF MODULE UART
OBJECT MODULE PLACED IN .\Objects\UART.obj
COMPILER INVOKED BY: D:\Keil\C51\BIN\C51.EXE UART.c OPTIMIZE(8,SPEED) BROWSE DEBUG OBJECTEXTEND PRINT(.\Listings\UART.ls
                    -t) OBJECT(.\Objects\UART.obj)

line level    source

   1          #include <REGX52.H>
   2          /**
   3            * @brief 串口初始化
   4            * @param  无
   5            * @retval 无
   6            */
   7          void UART_Init()                //4800bps@12.000MHz
   8          {       
   9   1              PCON |= 0x80;           //使能波特率倍速位SMOD
  10   1              SCON = 0x50;            //8位数据,可变波特率
  11   1              TMOD &= 0x0F;           //设置定时器模式
  12   1              TMOD |= 0x20;           //设置定时器模式
  13   1              TL1 = 0xF4;                     //设置定时初始值
  14   1              TH1 = 0xF4;                     //设置定时重载值
  15   1              ET1 = 0;                        //禁止定时器中断
  16   1              TR1 = 1;                        //定时器1开始计时
  17   1              EA = 1;
  18   1              ES = 1;
  19   1      }
  20          /**
  21            * @brief 串口发送一个字节数据
  22            * @param  Byte,一个字节数据,16进制
  23            * @retval 无
  24            */
  25          void UART_SendByte(unsigned char Byte)
  26          {
  27   1              SBUF = Byte;
  28   1              while(T1==0);
  29   1              TI = 0;
  30   1      }
  31          
  32          /**
  33            * @brief 串口中断函数模板,接受串口数据时会自动调用
  34            * @param  无
  35            * @retval 无
  36            */
  37          /*
  38          void UART_Routine()     interrupt 4
  39          {
  40                  if(RI == 1)
  41                  {
  42          
  43                          RI = 0;
  44                  }
  45          }
  46          */


MODULE INFORMATION:   STATIC OVERLAYABLE
   CODE SIZE        =     35    ----
   CONSTANT SIZE    =   ----    ----
   XDATA SIZE       =   ----    ----
   PDATA SIZE       =   ----    ----
   DATA SIZE        =   ----    ----
C51 COMPILER V9.54   UART                                                                  09/11/2023 17:15:12 PAGE 2   

   IDATA SIZE       =   ----    ----
   BIT SIZE         =   ----    ----
END OF MODULE INFORMATION.


C51 COMPILATION COMPLETE.  0 WARNING(S),  0 ERROR(S)
