C51 COMPILER V9.54   MAIN                                                                  09/05/2023 10:59:01 PAGE 1   


C51 COMPILER V9.54, COMPILATION OF MODULE MAIN
OBJECT MODULE PLACED IN .\Objects\main.obj
COMPILER INVOKED BY: D:\Keil\C51\BIN\C51.EXE main.c OPTIMIZE(8,SPEED) BROWSE DEBUG OBJECTEXTEND PRINT(.\Listings\main.ls
                    -t) OBJECT(.\Objects\main.obj)

line level    source

   1          #include <REGX52.H>
   2          #include "Delay.h"
   3          #include "Nixie.h"
   4          
   5          void main()
   6          {
   7   1              while(1)
   8   1              {
   9   2                      /*
  10   2                      P2_0 = 1;
  11   2                      Delay(500);
  12   2                      P2_0 = 0;
  13   2                      Delay(500);
  14   2                      */
  15   2                      Nixie(1,1);
  16   2                      //Delay(5);
  17   2                      Nixie(2,2);
  18   2                      //Delay(5);
  19   2                      Nixie(3,3);
  20   2                      //Delay(5);
  21   2              }
  22   1      }


MODULE INFORMATION:   STATIC OVERLAYABLE
   CODE SIZE        =     29    ----
   CONSTANT SIZE    =   ----    ----
   XDATA SIZE       =   ----    ----
   PDATA SIZE       =   ----    ----
   DATA SIZE        =   ----    ----
   IDATA SIZE       =   ----    ----
   BIT SIZE         =   ----    ----
END OF MODULE INFORMATION.


C51 COMPILATION COMPLETE.  0 WARNING(S),  0 ERROR(S)
