C51 COMPILER V9.54   MAIN                                                                  08/18/2023 02:55:16 PAGE 1   


C51 COMPILER V9.54, COMPILATION OF MODULE MAIN
OBJECT MODULE PLACED IN .\Objects\main.obj
COMPILER INVOKED BY: D:\Keil5\C51\BIN\C51.EXE main.c OPTIMIZE(8,SPEED) BROWSE DEBUG OBJECTEXTEND PRINT(.\Listings\main.l
                    -st) TABS(2) OBJECT(.\Objects\main.obj)

line level    source

   1          #include <REGX52.H>
   2          unsigned char NixieTable[] = {0x3F,0x06,0x5B,0x4F,0x66,0x6D,0x7D,0x07,
   3          0x6F,0x77,0x7C,0x39,0x5E,0x79,0x71,0x00};
   4          void Delay(unsigned char xms)
   5          {
   6   1        unsigned char data i, j;
   7   1        while(xms--)
   8   1        {
   9   2          i = 2;
  10   2          j = 239;
  11   2          do
  12   2          {
  13   3            while (--j);
  14   3          } while (--i);
  15   2        }
  16   1        
  17   1      }
  18          
  19          void Nixie(unsigned char Location,Number)
  20          {
  21   1        switch(Location)
  22   1        {
  23   2          case 1:P2_4 =1;P2_3 =1;P2_2 =1;break;
  24   2          case 2:P2_4 =1;P2_3 =1;P2_2 =0;break;
  25   2          case 3:P2_4 =1;P2_3 =0;P2_2 =1;break;
  26   2          case 4:P2_4 =1;P2_3 =0;P2_2 =0;break;
  27   2          case 5:P2_4 =0;P2_3 =1;P2_2 =1;break;
  28   2          case 6:P2_4 =0;P2_3 =1;P2_2 =0;break;
  29   2          case 7:P2_4 =0;P2_3 =0;P2_2 =1;break;
  30   2          case 8:P2_4 =0;P2_3 =0;P2_2 =0;break;
  31   2        }
  32   1        P0 = NixieTable[Number];
  33   1      }
  34          void main()
  35          {
  36   1        while(1)
  37   1        {
  38   2          Nixie(1,1);
  39   2          Delay(2);
  40   2          Nixie(2,2);
  41   2          Delay(2);
  42   2          Nixie(3,3);
  43   2          Delay(2);
  44   2        }
  45   1      }


MODULE INFORMATION:   STATIC OVERLAYABLE
   CODE SIZE        =    152    ----
   CONSTANT SIZE    =   ----    ----
   XDATA SIZE       =   ----    ----
   PDATA SIZE       =   ----    ----
   DATA SIZE        =     16    ----
   IDATA SIZE       =   ----    ----
C51 COMPILER V9.54   MAIN                                                                  08/18/2023 02:55:16 PAGE 2   

   BIT SIZE         =   ----    ----
END OF MODULE INFORMATION.


C51 COMPILATION COMPLETE.  0 WARNING(S),  0 ERROR(S)
